Mysql::Error: query: not connected: SHOW TABLES LIKE 'schema_migrations'
Mysql::Error: query: not connected: SHOW TABLES LIKE 'schema_migrations'
Mysql::Error: query: not connected: SHOW TABLES LIKE 'schema_migrations'
  [1m[36m (116.0ms)[0m  [1mCREATE TABLE `schema_migrations` (`version` varchar(255) NOT NULL) ENGINE=InnoDB[0m
  [1m[35m (205.0ms)[0m  CREATE UNIQUE INDEX `unique_schema_migrations` ON `schema_migrations` (`version`)
  [1m[36m (1.0ms)[0m  [1mSELECT `schema_migrations`.`version` FROM `schema_migrations` [0m
Migrating to CreateUsers (20120722125929)
  [1m[36m (1.0ms)[0m  [1mSELECT `schema_migrations`.`version` FROM `schema_migrations` [0m
Migrating to CreateUsers (20120722125929)
  [1m[36m (0.0ms)[0m  [1mSELECT `schema_migrations`.`version` FROM `schema_migrations` [0m
Migrating to CreateUsers (20120722125929)
  [1m[35m (227.0ms)[0m  CREATE TABLE `users` (`id` int(11) DEFAULT NULL auto_increment PRIMARY KEY, `description` text, `username` varchar(255), `created_at` datetime NOT NULL, `updated_at` datetime NOT NULL) ENGINE=InnoDB
  [1m[36m (2.0ms)[0m  [1mCREATE UNIQUE INDEX `index_users_on_email` ON `users` (`email`)[0m
Mysql2::Error: Key column 'email' doesn't exist in table: CREATE UNIQUE INDEX `index_users_on_email` ON `users` (`email`)
  [1m[36m (1.0ms)[0m  [1mSELECT `schema_migrations`.`version` FROM `schema_migrations` [0m
Migrating to CreateUsers (20120722125929)
  [1m[35m (2.0ms)[0m  CREATE TABLE `users` (`id` int(11) DEFAULT NULL auto_increment PRIMARY KEY, `description` text, `username` varchar(255), `email` varchar(255), `reset_password_token` varchar(255), `created_at` datetime NOT NULL, `updated_at` datetime NOT NULL) ENGINE=InnoDB
Mysql2::Error: Table 'users' already exists: CREATE TABLE `users` (`id` int(11) DEFAULT NULL auto_increment PRIMARY KEY, `description` text, `username` varchar(255), `email` varchar(255), `reset_password_token` varchar(255), `created_at` datetime NOT NULL, `updated_at` datetime NOT NULL) ENGINE=InnoDB
  [1m[36m (0.0ms)[0m  [1mSELECT `schema_migrations`.`version` FROM `schema_migrations` [0m
Migrating to CreateUsers (20120722125929)
  [1m[35m (87.0ms)[0m  CREATE TABLE `users` (`id` int(11) DEFAULT NULL auto_increment PRIMARY KEY, `description` text, `username` varchar(255), `email` varchar(255), `reset_password_token` varchar(255), `created_at` datetime NOT NULL, `updated_at` datetime NOT NULL) ENGINE=InnoDB
  [1m[36m (237.0ms)[0m  [1mCREATE UNIQUE INDEX `index_users_on_email` ON `users` (`email`)[0m
  [1m[35m (208.0ms)[0m  CREATE UNIQUE INDEX `index_users_on_reset_password_token` ON `users` (`reset_password_token`)
  [1m[36m (236.0ms)[0m  [1mCREATE UNIQUE INDEX `index_users_on_username` ON `users` (`username`)[0m
  [1m[35m (43.0ms)[0m  INSERT INTO `schema_migrations` (`version`) VALUES ('20120722125929')
Migrating to CreatePosts (20120722150456)
  [1m[36m (103.0ms)[0m  [1mCREATE TABLE `posts` (`id` int(11) DEFAULT NULL auto_increment PRIMARY KEY, `body` varchar(255), `user_id` int(11), `reply_to_id` int(11), `latitude` float, `longitude` float, `city` varchar(255), `country` varchar(255), `created_at` datetime NOT NULL, `updated_at` datetime NOT NULL) ENGINE=InnoDB[0m
  [1m[35m (146.0ms)[0m  CREATE INDEX `index_posts_on_user_id` ON `posts` (`user_id`)
  [1m[36m (262.0ms)[0m  [1mCREATE INDEX `index_posts_on_reply_to_id` ON `posts` (`reply_to_id`)[0m
  [1m[35m (217.0ms)[0m  CREATE INDEX `index_posts_on_city` ON `posts` (`city`)
  [1m[36m (213.0ms)[0m  [1mCREATE INDEX `index_posts_on_country` ON `posts` (`country`)[0m
  [1m[35m (39.0ms)[0m  INSERT INTO `schema_migrations` (`version`) VALUES ('20120722150456')
Migrating to CreateFollowings (20120722151913)
  [1m[36m (102.0ms)[0m  [1mCREATE TABLE `followings` (`id` int(11) DEFAULT NULL auto_increment PRIMARY KEY, `user_id` int(11), `follower_id` int(11), `created_at` datetime NOT NULL, `updated_at` datetime NOT NULL) ENGINE=InnoDB[0m
  [1m[35m (174.0ms)[0m  CREATE INDEX `index_followings_on_user_id` ON `followings` (`user_id`)
  [1m[36m (175.0ms)[0m  [1mCREATE INDEX `index_followings_on_follower_id` ON `followings` (`follower_id`)[0m
  [1m[35m (42.0ms)[0m  INSERT INTO `schema_migrations` (`version`) VALUES ('20120722151913')
Migrating to CreatePostUsers (20120722152610)


Started GET "/assets/rails.png" for 127.0.0.1 at 2012-10-22 14:01:08 +0530
Served asset /rails.png - 200 OK (93ms)


Started GET "/puest" for 127.0.0.1 at 2012-10-22 14:01:14 +0530

ActionController::RoutingError (No route matches [GET] "/puest"):
  actionpack (3.2.1) lib/action_dispatch/middleware/debug_exceptions.rb:21:in `call'
  actionpack (3.2.1) lib/action_dispatch/middleware/show_exceptions.rb:56:in `call'
  railties (3.2.1) lib/rails/rack/logger.rb:26:in `call_app'
  railties (3.2.1) lib/rails/rack/logger.rb:16:in `call'
  actionpack (3.2.1) lib/action_dispatch/middleware/request_id.rb:22:in `call'
  rack (1.4.1) lib/rack/methodoverride.rb:21:in `call'
  rack (1.4.1) lib/rack/runtime.rb:17:in `call'
  activesupport (3.2.1) lib/active_support/cache/strategy/local_cache.rb:72:in `call'
  rack (1.4.1) lib/rack/lock.rb:15:in `call'
  actionpack (3.2.1) lib/action_dispatch/middleware/static.rb:53:in `call'
  railties (3.2.1) lib/rails/engine.rb:479:in `call'
  railties (3.2.1) lib/rails/application.rb:220:in `call'
  rack (1.4.1) lib/rack/content_length.rb:14:in `call'
  railties (3.2.1) lib/rails/rack/log_tailer.rb:14:in `call'
  rack (1.4.1) lib/rack/handler/webrick.rb:59:in `service'
  C:/RailsInstaller/Ruby1.9.3/lib/ruby/1.9.1/webrick/httpserver.rb:138:in `service'
  C:/RailsInstaller/Ruby1.9.3/lib/ruby/1.9.1/webrick/httpserver.rb:94:in `run'
  C:/RailsInstaller/Ruby1.9.3/lib/ruby/1.9.1/webrick/server.rb:191:in `block in start_thread'


  Rendered C:/RailsInstaller/Ruby1.9.3/lib/ruby/gems/1.9.1/gems/actionpack-3.2.1/lib/action_dispatch/middleware/templates/rescues/routing_error.erb within rescues/layout (126.0ms)


Started GET "/assets/rails.png" for 127.0.0.1 at 2012-10-23 02:35:12 +0530
Served asset /rails.png - 200 OK (34ms)


Started GET "/dashboard" for 127.0.0.1 at 2012-10-23 02:35:16 +0530

ActionController::RoutingError (No route matches [GET] "/dashboard"):
  actionpack (3.2.1) lib/action_dispatch/middleware/debug_exceptions.rb:21:in `call'
  actionpack (3.2.1) lib/action_dispatch/middleware/show_exceptions.rb:56:in `call'
  railties (3.2.1) lib/rails/rack/logger.rb:26:in `call_app'
  railties (3.2.1) lib/rails/rack/logger.rb:16:in `call'
  actionpack (3.2.1) lib/action_dispatch/middleware/request_id.rb:22:in `call'
  rack (1.4.1) lib/rack/methodoverride.rb:21:in `call'
  rack (1.4.1) lib/rack/runtime.rb:17:in `call'
  activesupport (3.2.1) lib/active_support/cache/strategy/local_cache.rb:72:in `call'
  rack (1.4.1) lib/rack/lock.rb:15:in `call'
  actionpack (3.2.1) lib/action_dispatch/middleware/static.rb:53:in `call'
  railties (3.2.1) lib/rails/engine.rb:479:in `call'
  railties (3.2.1) lib/rails/application.rb:220:in `call'
  rack (1.4.1) lib/rack/content_length.rb:14:in `call'
  railties (3.2.1) lib/rails/rack/log_tailer.rb:14:in `call'
  rack (1.4.1) lib/rack/handler/webrick.rb:59:in `service'
  C:/RailsInstaller/Ruby1.9.3/lib/ruby/1.9.1/webrick/httpserver.rb:138:in `service'
  C:/RailsInstaller/Ruby1.9.3/lib/ruby/1.9.1/webrick/httpserver.rb:94:in `run'
  C:/RailsInstaller/Ruby1.9.3/lib/ruby/1.9.1/webrick/server.rb:191:in `block in start_thread'


  Rendered C:/RailsInstaller/Ruby1.9.3/lib/ruby/gems/1.9.1/gems/actionpack-3.2.1/lib/action_dispatch/middleware/templates/rescues/routing_error.erb within rescues/layout (75.0ms)


Started GET "/dashboard" for 127.0.0.1 at 2012-10-23 02:54:03 +0530
Processing by DashboardController#index as HTML
Completed 500 Internal Server Error in 22ms

NoMethodError (undefined method `authenticate_user!' for #<DashboardController:0x30e2ea8>):
  activesupport (3.2.1) lib/active_support/callbacks.rb:418:in `_run__157992734__process_action__930762035__callbacks'
  activesupport (3.2.1) lib/active_support/callbacks.rb:405:in `__run_callback'
  activesupport (3.2.1) lib/active_support/callbacks.rb:385:in `_run_process_action_callbacks'
  activesupport (3.2.1) lib/active_support/callbacks.rb:81:in `run_callbacks'
  actionpack (3.2.1) lib/abstract_controller/callbacks.rb:17:in `process_action'
  actionpack (3.2.1) lib/action_controller/metal/rescue.rb:29:in `process_action'
  actionpack (3.2.1) lib/action_controller/metal/instrumentation.rb:30:in `block in process_action'
  activesupport (3.2.1) lib/active_support/notifications.rb:123:in `block in instrument'
  activesupport (3.2.1) lib/active_support/notifications/instrumenter.rb:20:in `instrument'
  activesupport (3.2.1) lib/active_support/notifications.rb:123:in `instrument'
  actionpack (3.2.1) lib/action_controller/metal/instrumentation.rb:29:in `process_action'
  actionpack (3.2.1) lib/action_controller/metal/params_wrapper.rb:205:in `process_action'
  activerecord (3.2.1) lib/active_record/railties/controller_runtime.rb:18:in `process_action'
  actionpack (3.2.1) lib/abstract_controller/base.rb:121:in `process'
  actionpack (3.2.1) lib/abstract_controller/rendering.rb:45:in `process'
  actionpack (3.2.1) lib/action_controller/metal.rb:203:in `dispatch'
  actionpack (3.2.1) lib/action_controller/metal/rack_delegation.rb:14:in `dispatch'
  actionpack (3.2.1) lib/action_controller/metal.rb:246:in `block in action'
  actionpack (3.2.1) lib/action_dispatch/routing/route_set.rb:66:in `call'
  actionpack (3.2.1) lib/action_dispatch/routing/route_set.rb:66:in `dispatch'
  actionpack (3.2.1) lib/action_dispatch/routing/route_set.rb:30:in `call'
  journey (1.0.2) lib/journey/router.rb:68:in `block in call'
  journey (1.0.2) lib/journey/router.rb:56:in `each'
  journey (1.0.2) lib/journey/router.rb:56:in `call'
  actionpack (3.2.1) lib/action_dispatch/routing/route_set.rb:589:in `call'
  actionpack (3.2.1) lib/action_dispatch/middleware/best_standards_support.rb:17:in `call'
  rack (1.4.1) lib/rack/etag.rb:23:in `call'
  rack (1.4.1) lib/rack/conditionalget.rb:25:in `call'
  actionpack (3.2.1) lib/action_dispatch/middleware/head.rb:14:in `call'
  actionpack (3.2.1) lib/action_dispatch/middleware/params_parser.rb:21:in `call'
  actionpack (3.2.1) lib/action_dispatch/middleware/flash.rb:242:in `call'
  rack (1.4.1) lib/rack/session/abstract/id.rb:205:in `context'
  rack (1.4.1) lib/rack/session/abstract/id.rb:200:in `call'
  actionpack (3.2.1) lib/action_dispatch/middleware/cookies.rb:338:in `call'
  activerecord (3.2.1) lib/active_record/query_cache.rb:64:in `call'
  activerecord (3.2.1) lib/active_record/connection_adapters/abstract/connection_pool.rb:443:in `call'
  actionpack (3.2.1) lib/action_dispatch/middleware/callbacks.rb:28:in `block in call'
  activesupport (3.2.1) lib/active_support/callbacks.rb:405:in `_run__799495235__call__130611239__callbacks'
  activesupport (3.2.1) lib/active_support/callbacks.rb:405:in `__run_callback'
  activesupport (3.2.1) lib/active_support/callbacks.rb:385:in `_run_call_callbacks'
  activesupport (3.2.1) lib/active_support/callbacks.rb:81:in `run_callbacks'
  actionpack (3.2.1) lib/action_dispatch/middleware/callbacks.rb:27:in `call'
  actionpack (3.2.1) lib/action_dispatch/middleware/reloader.rb:65:in `call'
  actionpack (3.2.1) lib/action_dispatch/middleware/remote_ip.rb:31:in `call'
  actionpack (3.2.1) lib/action_dispatch/middleware/debug_exceptions.rb:16:in `call'
  actionpack (3.2.1) lib/action_dispatch/middleware/show_exceptions.rb:56:in `call'
  railties (3.2.1) lib/rails/rack/logger.rb:26:in `call_app'
  railties (3.2.1) lib/rails/rack/logger.rb:16:in `call'
  actionpack (3.2.1) lib/action_dispatch/middleware/request_id.rb:22:in `call'
  rack (1.4.1) lib/rack/methodoverride.rb:21:in `call'
  rack (1.4.1) lib/rack/runtime.rb:17:in `call'
  activesupport (3.2.1) lib/active_support/cache/strategy/local_cache.rb:72:in `call'
  rack (1.4.1) lib/rack/lock.rb:15:in `call'
  actionpack (3.2.1) lib/action_dispatch/middleware/static.rb:53:in `call'
  railties (3.2.1) lib/rails/engine.rb:479:in `call'
  railties (3.2.1) lib/rails/application.rb:220:in `call'
  rack (1.4.1) lib/rack/content_length.rb:14:in `call'
  railties (3.2.1) lib/rails/rack/log_tailer.rb:14:in `call'
  rack (1.4.1) lib/rack/handler/webrick.rb:59:in `service'
  C:/RailsInstaller/Ruby1.9.3/lib/ruby/1.9.1/webrick/httpserver.rb:138:in `service'
  C:/RailsInstaller/Ruby1.9.3/lib/ruby/1.9.1/webrick/httpserver.rb:94:in `run'
  C:/RailsInstaller/Ruby1.9.3/lib/ruby/1.9.1/webrick/server.rb:191:in `block in start_thread'


  Rendered C:/RailsInstaller/Ruby1.9.3/lib/ruby/gems/1.9.1/gems/actionpack-3.2.1/lib/action_dispatch/middleware/templates/rescues/_trace.erb (4.0ms)
  Rendered C:/RailsInstaller/Ruby1.9.3/lib/ruby/gems/1.9.1/gems/actionpack-3.2.1/lib/action_dispatch/middleware/templates/rescues/_request_and_response.erb (1.0ms)
  Rendered C:/RailsInstaller/Ruby1.9.3/lib/ruby/gems/1.9.1/gems/actionpack-3.2.1/lib/action_dispatch/middleware/templates/rescues/diagnostics.erb within rescues/layout (33.0ms)


Started GET "/dashboard" for 127.0.0.1 at 2012-10-23 03:09:41 +0530
Processing by DashboardController#index as HTML
Completed 500 Internal Server Error in 23ms

NoMethodError (undefined method `authenticate_user!' for #<DashboardController:0x50bb2a0>):
  activesupport (3.2.1) lib/active_support/callbacks.rb:418:in `_run__941703212__process_action__399935407__callbacks'
  activesupport (3.2.1) lib/active_support/callbacks.rb:405:in `__run_callback'
  activesupport (3.2.1) lib/active_support/callbacks.rb:385:in `_run_process_action_callbacks'
  activesupport (3.2.1) lib/active_support/callbacks.rb:81:in `run_callbacks'
  actionpack (3.2.1) lib/abstract_controller/callbacks.rb:17:in `process_action'
  actionpack (3.2.1) lib/action_controller/metal/rescue.rb:29:in `process_action'
  actionpack (3.2.1) lib/action_controller/metal/instrumentation.rb:30:in `block in process_action'
  activesupport (3.2.1) lib/active_support/notifications.rb:123:in `block in instrument'
  activesupport (3.2.1) lib/active_support/notifications/instrumenter.rb:20:in `instrument'
  activesupport (3.2.1) lib/active_support/notifications.rb:123:in `instrument'
  actionpack (3.2.1) lib/action_controller/metal/instrumentation.rb:29:in `process_action'
  actionpack (3.2.1) lib/action_controller/metal/params_wrapper.rb:205:in `process_action'
  activerecord (3.2.1) lib/active_record/railties/controller_runtime.rb:18:in `process_action'
  actionpack (3.2.1) lib/abstract_controller/base.rb:121:in `process'
  actionpack (3.2.1) lib/abstract_controller/rendering.rb:45:in `process'
  actionpack (3.2.1) lib/action_controller/metal.rb:203:in `dispatch'
  actionpack (3.2.1) lib/action_controller/metal/rack_delegation.rb:14:in `dispatch'
  actionpack (3.2.1) lib/action_controller/metal.rb:246:in `block in action'
  actionpack (3.2.1) lib/action_dispatch/routing/route_set.rb:66:in `call'
  actionpack (3.2.1) lib/action_dispatch/routing/route_set.rb:66:in `dispatch'
  actionpack (3.2.1) lib/action_dispatch/routing/route_set.rb:30:in `call'
  journey (1.0.2) lib/journey/router.rb:68:in `block in call'
  journey (1.0.2) lib/journey/router.rb:56:in `each'
  journey (1.0.2) lib/journey/router.rb:56:in `call'
  actionpack (3.2.1) lib/action_dispatch/routing/route_set.rb:589:in `call'
  actionpack (3.2.1) lib/action_dispatch/middleware/best_standards_support.rb:17:in `call'
  rack (1.4.1) lib/rack/etag.rb:23:in `call'
  rack (1.4.1) lib/rack/conditionalget.rb:25:in `call'
  actionpack (3.2.1) lib/action_dispatch/middleware/head.rb:14:in `call'
  actionpack (3.2.1) lib/action_dispatch/middleware/params_parser.rb:21:in `call'
  actionpack (3.2.1) lib/action_dispatch/middleware/flash.rb:242:in `call'
  rack (1.4.1) lib/rack/session/abstract/id.rb:205:in `context'
  rack (1.4.1) lib/rack/session/abstract/id.rb:200:in `call'
  actionpack (3.2.1) lib/action_dispatch/middleware/cookies.rb:338:in `call'
  activerecord (3.2.1) lib/active_record/query_cache.rb:64:in `call'
  activerecord (3.2.1) lib/active_record/connection_adapters/abstract/connection_pool.rb:443:in `call'
  actionpack (3.2.1) lib/action_dispatch/middleware/callbacks.rb:28:in `block in call'
  activesupport (3.2.1) lib/active_support/callbacks.rb:405:in `_run__529379617__call__670160346__callbacks'
  activesupport (3.2.1) lib/active_support/callbacks.rb:405:in `__run_callback'
  activesupport (3.2.1) lib/active_support/callbacks.rb:385:in `_run_call_callbacks'
  activesupport (3.2.1) lib/active_support/callbacks.rb:81:in `run_callbacks'
  actionpack (3.2.1) lib/action_dispatch/middleware/callbacks.rb:27:in `call'
  actionpack (3.2.1) lib/action_dispatch/middleware/reloader.rb:65:in `call'
  actionpack (3.2.1) lib/action_dispatch/middleware/remote_ip.rb:31:in `call'
  actionpack (3.2.1) lib/action_dispatch/middleware/debug_exceptions.rb:16:in `call'
  actionpack (3.2.1) lib/action_dispatch/middleware/show_exceptions.rb:56:in `call'
  railties (3.2.1) lib/rails/rack/logger.rb:26:in `call_app'
  railties (3.2.1) lib/rails/rack/logger.rb:16:in `call'
  actionpack (3.2.1) lib/action_dispatch/middleware/request_id.rb:22:in `call'
  rack (1.4.1) lib/rack/methodoverride.rb:21:in `call'
  rack (1.4.1) lib/rack/runtime.rb:17:in `call'
  activesupport (3.2.1) lib/active_support/cache/strategy/local_cache.rb:72:in `call'
  rack (1.4.1) lib/rack/lock.rb:15:in `call'
  actionpack (3.2.1) lib/action_dispatch/middleware/static.rb:53:in `call'
  railties (3.2.1) lib/rails/engine.rb:479:in `call'
  railties (3.2.1) lib/rails/application.rb:220:in `call'
  rack (1.4.1) lib/rack/content_length.rb:14:in `call'
  railties (3.2.1) lib/rails/rack/log_tailer.rb:14:in `call'
  rack (1.4.1) lib/rack/handler/webrick.rb:59:in `service'
  C:/RailsInstaller/Ruby1.9.3/lib/ruby/1.9.1/webrick/httpserver.rb:138:in `service'
  C:/RailsInstaller/Ruby1.9.3/lib/ruby/1.9.1/webrick/httpserver.rb:94:in `run'
  C:/RailsInstaller/Ruby1.9.3/lib/ruby/1.9.1/webrick/server.rb:191:in `block in start_thread'


  Rendered C:/RailsInstaller/Ruby1.9.3/lib/ruby/gems/1.9.1/gems/actionpack-3.2.1/lib/action_dispatch/middleware/templates/rescues/_trace.erb (4.0ms)
  Rendered C:/RailsInstaller/Ruby1.9.3/lib/ruby/gems/1.9.1/gems/actionpack-3.2.1/lib/action_dispatch/middleware/templates/rescues/_request_and_response.erb (1.0ms)
  Rendered C:/RailsInstaller/Ruby1.9.3/lib/ruby/gems/1.9.1/gems/actionpack-3.2.1/lib/action_dispatch/middleware/templates/rescues/diagnostics.erb within rescues/layout (93.0ms)


Started GET "/dashboard" for 127.0.0.1 at 2012-10-23 03:10:04 +0530
Processing by DashboardController#index as HTML
Completed 500 Internal Server Error in 52ms

NoMethodError (undefined method `authenticate_user!' for #<DashboardController:0x3f7c8f0>):
  activesupport (3.2.1) lib/active_support/callbacks.rb:418:in `_run__941703212__process_action__399935407__callbacks'
  activesupport (3.2.1) lib/active_support/callbacks.rb:405:in `__run_callback'
  activesupport (3.2.1) lib/active_support/callbacks.rb:385:in `_run_process_action_callbacks'
  activesupport (3.2.1) lib/active_support/callbacks.rb:81:in `run_callbacks'
  actionpack (3.2.1) lib/abstract_controller/callbacks.rb:17:in `process_action'
  actionpack (3.2.1) lib/action_controller/metal/rescue.rb:29:in `process_action'
  actionpack (3.2.1) lib/action_controller/metal/instrumentation.rb:30:in `block in process_action'
  activesupport (3.2.1) lib/active_support/notifications.rb:123:in `block in instrument'
  activesupport (3.2.1) lib/active_support/notifications/instrumenter.rb:20:in `instrument'
  activesupport (3.2.1) lib/active_support/notifications.rb:123:in `instrument'
  actionpack (3.2.1) lib/action_controller/metal/instrumentation.rb:29:in `process_action'
  actionpack (3.2.1) lib/action_controller/metal/params_wrapper.rb:205:in `process_action'
  activerecord (3.2.1) lib/active_record/railties/controller_runtime.rb:18:in `process_action'
  actionpack (3.2.1) lib/abstract_controller/base.rb:121:in `process'
  actionpack (3.2.1) lib/abstract_controller/rendering.rb:45:in `process'
  actionpack (3.2.1) lib/action_controller/metal.rb:203:in `dispatch'
  actionpack (3.2.1) lib/action_controller/metal/rack_delegation.rb:14:in `dispatch'
  actionpack (3.2.1) lib/action_controller/metal.rb:246:in `block in action'
  actionpack (3.2.1) lib/action_dispatch/routing/route_set.rb:66:in `call'
  actionpack (3.2.1) lib/action_dispatch/routing/route_set.rb:66:in `dispatch'
  actionpack (3.2.1) lib/action_dispatch/routing/route_set.rb:30:in `call'
  journey (1.0.2) lib/journey/router.rb:68:in `block in call'
  journey (1.0.2) lib/journey/router.rb:56:in `each'
  journey (1.0.2) lib/journey/router.rb:56:in `call'
  actionpack (3.2.1) lib/action_dispatch/routing/route_set.rb:589:in `call'
  actionpack (3.2.1) lib/action_dispatch/middleware/best_standards_support.rb:17:in `call'
  rack (1.4.1) lib/rack/etag.rb:23:in `call'
  rack (1.4.1) lib/rack/conditionalget.rb:25:in `call'
  actionpack (3.2.1) lib/action_dispatch/middleware/head.rb:14:in `call'
  actionpack (3.2.1) lib/action_dispatch/middleware/params_parser.rb:21:in `call'
  actionpack (3.2.1) lib/action_dispatch/middleware/flash.rb:242:in `call'
  rack (1.4.1) lib/rack/session/abstract/id.rb:205:in `context'
  rack (1.4.1) lib/rack/session/abstract/id.rb:200:in `call'
  actionpack (3.2.1) lib/action_dispatch/middleware/cookies.rb:338:in `call'
  activerecord (3.2.1) lib/active_record/query_cache.rb:64:in `call'
  activerecord (3.2.1) lib/active_record/connection_adapters/abstract/connection_pool.rb:443:in `call'
  actionpack (3.2.1) lib/action_dispatch/middleware/callbacks.rb:28:in `block in call'
  activesupport (3.2.1) lib/active_support/callbacks.rb:405:in `_run__529379617__call__670160346__callbacks'
  activesupport (3.2.1) lib/active_support/callbacks.rb:405:in `__run_callback'
  activesupport (3.2.1) lib/active_support/callbacks.rb:385:in `_run_call_callbacks'
  activesupport (3.2.1) lib/active_support/callbacks.rb:81:in `run_callbacks'
  actionpack (3.2.1) lib/action_dispatch/middleware/callbacks.rb:27:in `call'
  actionpack (3.2.1) lib/action_dispatch/middleware/reloader.rb:65:in `call'
  actionpack (3.2.1) lib/action_dispatch/middleware/remote_ip.rb:31:in `call'
  actionpack (3.2.1) lib/action_dispatch/middleware/debug_exceptions.rb:16:in `call'
  actionpack (3.2.1) lib/action_dispatch/middleware/show_exceptions.rb:56:in `call'
  railties (3.2.1) lib/rails/rack/logger.rb:26:in `call_app'
  railties (3.2.1) lib/rails/rack/logger.rb:16:in `call'
  actionpack (3.2.1) lib/action_dispatch/middleware/request_id.rb:22:in `call'
  rack (1.4.1) lib/rack/methodoverride.rb:21:in `call'
  rack (1.4.1) lib/rack/runtime.rb:17:in `call'
  activesupport (3.2.1) lib/active_support/cache/strategy/local_cache.rb:72:in `call'
  rack (1.4.1) lib/rack/lock.rb:15:in `call'
  actionpack (3.2.1) lib/action_dispatch/middleware/static.rb:53:in `call'
  railties (3.2.1) lib/rails/engine.rb:479:in `call'
  railties (3.2.1) lib/rails/application.rb:220:in `call'
  rack (1.4.1) lib/rack/content_length.rb:14:in `call'
  railties (3.2.1) lib/rails/rack/log_tailer.rb:14:in `call'
  rack (1.4.1) lib/rack/handler/webrick.rb:59:in `service'
  C:/RailsInstaller/Ruby1.9.3/lib/ruby/1.9.1/webrick/httpserver.rb:138:in `service'
  C:/RailsInstaller/Ruby1.9.3/lib/ruby/1.9.1/webrick/httpserver.rb:94:in `run'
  C:/RailsInstaller/Ruby1.9.3/lib/ruby/1.9.1/webrick/server.rb:191:in `block in start_thread'


  Rendered C:/RailsInstaller/Ruby1.9.3/lib/ruby/gems/1.9.1/gems/actionpack-3.2.1/lib/action_dispatch/middleware/templates/rescues/_trace.erb (6.0ms)
  Rendered C:/RailsInstaller/Ruby1.9.3/lib/ruby/gems/1.9.1/gems/actionpack-3.2.1/lib/action_dispatch/middleware/templates/rescues/_request_and_response.erb (1.0ms)
  Rendered C:/RailsInstaller/Ruby1.9.3/lib/ruby/gems/1.9.1/gems/actionpack-3.2.1/lib/action_dispatch/middleware/templates/rescues/diagnostics.erb within rescues/layout (22.0ms)
